<?xml version="1.0" encoding="UTF-8"?>
<!-- Generated by org.testng.reporters.JUnitReportReporter -->
<testsuite hostname="DESKTOP-HMKMG6M" failures="0" tests="2" name="com.project.testcases.LoginTest" time="30.710" errors="0" timestamp="2024-02-20T23:10:59 IST" skipped="0">
  <testcase classname="com.project.testcases.LoginTest" name="forgotlinkfunctionality" time="16.375"/>
  <system-out/>
  <testcase classname="com.project.testcases.LoginTest" name="loginwithInvalidCredentials" time="14.335"/>
  <system-out/>
</testsuite> <!-- com.project.testcases.LoginTest -->
