<?xml version="1.0" encoding="UTF-8"?>
<!-- Generated by org.testng.reporters.JUnitReportReporter -->
<testsuite hostname="DESKTOP-HMKMG6M" failures="0" tests="2" name="com.project.testcases.SearchTest" time="29.534" errors="0" timestamp="2024-02-20T23:10:59 IST" skipped="0">
  <testcase classname="com.project.testcases.SearchTest" name="searchitemwithoutlogin" time="12.866"/>
  <system-out/>
  <testcase classname="com.project.testcases.SearchTest" name="searchitemwithlogin" time="16.668"/>
  <system-out/>
</testsuite> <!-- com.project.testcases.SearchTest -->
