<?xml version="1.0" encoding="UTF-8"?>
<!-- Generated by org.testng.reporters.JUnitReportReporter -->
<testsuite hostname="DESKTOP-HMKMG6M" failures="0" tests="1" name="com.project.testcases.RegisterTest" time="48.524" errors="0" timestamp="2024-02-21T13:23:42 IST" skipped="0">
  <testcase classname="com.project.testcases.RegisterTest" name="registerwithallmandatoryfields" time="48.524"/>
  <system-out/>
</testsuite> <!-- com.project.testcases.RegisterTest -->
