<?xml version="1.0" encoding="UTF-8"?>
<!-- Generated by org.testng.reporters.JUnitReportReporter -->
<testsuite hostname="DESKTOP-HMKMG6M" failures="0" tests="1" name="com.project.testcases.LogoutTest" time="20.932" errors="0" timestamp="2024-02-20T23:10:59 IST" skipped="0">
  <testcase classname="com.project.testcases.LogoutTest" name="checkingLogout" time="20.932"/>
  <system-out/>
</testsuite> <!-- com.project.testcases.LogoutTest -->
