<?xml version="1.0" encoding="UTF-8"?>
<!-- Generated by org.testng.reporters.JUnitReportReporter -->
<testsuite hostname="DESKTOP-HMKMG6M" failures="0" tests="1" name="com.project.testcases.Login" time="28.157" errors="0" timestamp="2024-02-14T19:43:34 IST" skipped="0">
  <testcase classname="com.project.testcases.Login" name="loginwithInvalidCredentials" time="28.157"/>
  <system-out/>
</testsuite> <!-- com.project.testcases.Login -->
